Start testing: Oct 18 17:31 Romance Summer Time
----------------------------------------------------------
1/12 Testing: test circle hit book page 620
1/12 Test: test circle hit book page 620
Command: "D:/UA/Semester7/ComputerGraphics/CppCode/RayTracingEngine/cmake-build-debug/Debug/RayTracingEngineTests.exe" "test circle hit book page 620"
Directory: D:/UA/Semester7/ComputerGraphics/CppCode/RayTracingEngine/cmake-build-debug
"test circle hit book page 620" start time: Oct 18 17:31 Romance Summer Time
Output:
----------------------------------------------------------
Filters: "test circle hit book page 620"
Randomness seeded to: 3454500777
===============================================================================
All tests passed (8 assertions in 1 test case)

<end of output>
Test time =   0.01 sec
----------------------------------------------------------
Test Passed.
"test circle hit book page 620" end time: Oct 18 17:31 Romance Summer Time
"test circle hit book page 620" time elapsed: 00:00:00
----------------------------------------------------------

2/12 Testing: test circle hit
2/12 Test: test circle hit
Command: "D:/UA/Semester7/ComputerGraphics/CppCode/RayTracingEngine/cmake-build-debug/Debug/RayTracingEngineTests.exe" "test circle hit"
Directory: D:/UA/Semester7/ComputerGraphics/CppCode/RayTracingEngine/cmake-build-debug
"test circle hit" start time: Oct 18 17:31 Romance Summer Time
Output:
----------------------------------------------------------
Filters: "test circle hit"
Randomness seeded to: 4189737231
===============================================================================
All tests passed (8 assertions in 1 test case)

<end of output>
Test time =   0.01 sec
----------------------------------------------------------
Test Passed.
"test circle hit" end time: Oct 18 17:31 Romance Summer Time
"test circle hit" time elapsed: 00:00:00
----------------------------------------------------------

3/12 Testing: test circle hit sides
3/12 Test: test circle hit sides
Command: "D:/UA/Semester7/ComputerGraphics/CppCode/RayTracingEngine/cmake-build-debug/Debug/RayTracingEngineTests.exe" "test circle hit sides"
Directory: D:/UA/Semester7/ComputerGraphics/CppCode/RayTracingEngine/cmake-build-debug
"test circle hit sides" start time: Oct 18 17:31 Romance Summer Time
Output:
----------------------------------------------------------
Filters: "test circle hit sides"
Randomness seeded to: 1491309303
===============================================================================
All tests passed (6 assertions in 1 test case)

<end of output>
Test time =   0.01 sec
----------------------------------------------------------
Test Passed.
"test circle hit sides" end time: Oct 18 17:31 Romance Summer Time
"test circle hit sides" time elapsed: 00:00:00
----------------------------------------------------------

4/12 Testing: test cube hit side
4/12 Test: test cube hit side
Command: "D:/UA/Semester7/ComputerGraphics/CppCode/RayTracingEngine/cmake-build-debug/Debug/RayTracingEngineTests.exe" "test cube hit side"
Directory: D:/UA/Semester7/ComputerGraphics/CppCode/RayTracingEngine/cmake-build-debug
"test cube hit side" start time: Oct 18 17:31 Romance Summer Time
Output:
----------------------------------------------------------
Filters: "test cube hit side"
Randomness seeded to: 54804727
===============================================================================
All tests passed (6 assertions in 1 test case)

<end of output>
Test time =   0.01 sec
----------------------------------------------------------
Test Passed.
"test cube hit side" end time: Oct 18 17:31 Romance Summer Time
"test cube hit side" time elapsed: 00:00:00
----------------------------------------------------------

5/12 Testing: test cube hit edge
5/12 Test: test cube hit edge
Command: "D:/UA/Semester7/ComputerGraphics/CppCode/RayTracingEngine/cmake-build-debug/Debug/RayTracingEngineTests.exe" "test cube hit edge"
Directory: D:/UA/Semester7/ComputerGraphics/CppCode/RayTracingEngine/cmake-build-debug
"test cube hit edge" start time: Oct 18 17:31 Romance Summer Time
Output:
----------------------------------------------------------
Filters: "test cube hit edge"
Randomness seeded to: 2058543668
===============================================================================
All tests passed (6 assertions in 1 test case)

<end of output>
Test time =   0.01 sec
----------------------------------------------------------
Test Passed.
"test cube hit edge" end time: Oct 18 17:31 Romance Summer Time
"test cube hit edge" time elapsed: 00:00:00
----------------------------------------------------------

6/12 Testing: Translation
6/12 Test: Translation
Command: "D:/UA/Semester7/ComputerGraphics/CppCode/RayTracingEngine/cmake-build-debug/Debug/RayTracingEngineTests.exe" "Translation"
Directory: D:/UA/Semester7/ComputerGraphics/CppCode/RayTracingEngine/cmake-build-debug
"Translation" start time: Oct 18 17:31 Romance Summer Time
Output:
----------------------------------------------------------
Filters: "Translation"
Randomness seeded to: 3464235311
===============================================================================
All tests passed (1 assertion in 1 test case)

<end of output>
Test time =   0.01 sec
----------------------------------------------------------
Test Passed.
"Translation" end time: Oct 18 17:31 Romance Summer Time
"Translation" time elapsed: 00:00:00
----------------------------------------------------------

7/12 Testing: Scaling
7/12 Test: Scaling
Command: "D:/UA/Semester7/ComputerGraphics/CppCode/RayTracingEngine/cmake-build-debug/Debug/RayTracingEngineTests.exe" "Scaling"
Directory: D:/UA/Semester7/ComputerGraphics/CppCode/RayTracingEngine/cmake-build-debug
"Scaling" start time: Oct 18 17:31 Romance Summer Time
Output:
----------------------------------------------------------
Filters: "Scaling"
Randomness seeded to: 3993706772
===============================================================================
All tests passed (1 assertion in 1 test case)

<end of output>
Test time =   0.01 sec
----------------------------------------------------------
Test Passed.
"Scaling" end time: Oct 18 17:31 Romance Summer Time
"Scaling" time elapsed: 00:00:00
----------------------------------------------------------

8/12 Testing: X-rotation
8/12 Test: X-rotation
Command: "D:/UA/Semester7/ComputerGraphics/CppCode/RayTracingEngine/cmake-build-debug/Debug/RayTracingEngineTests.exe" "X-rotation"
Directory: D:/UA/Semester7/ComputerGraphics/CppCode/RayTracingEngine/cmake-build-debug
"X-rotation" start time: Oct 18 17:31 Romance Summer Time
Output:
----------------------------------------------------------
Filters: "X-rotation"
Randomness seeded to: 4053847713
===============================================================================
All tests passed (1 assertion in 1 test case)

<end of output>
Test time =   0.01 sec
----------------------------------------------------------
Test Passed.
"X-rotation" end time: Oct 18 17:31 Romance Summer Time
"X-rotation" time elapsed: 00:00:00
----------------------------------------------------------

9/12 Testing: Y-rotation
9/12 Test: Y-rotation
Command: "D:/UA/Semester7/ComputerGraphics/CppCode/RayTracingEngine/cmake-build-debug/Debug/RayTracingEngineTests.exe" "Y-rotation"
Directory: D:/UA/Semester7/ComputerGraphics/CppCode/RayTracingEngine/cmake-build-debug
"Y-rotation" start time: Oct 18 17:31 Romance Summer Time
Output:
----------------------------------------------------------
Filters: "Y-rotation"
Randomness seeded to: 4057874800
===============================================================================
All tests passed (1 assertion in 1 test case)

<end of output>
Test time =   0.01 sec
----------------------------------------------------------
Test Passed.
"Y-rotation" end time: Oct 18 17:31 Romance Summer Time
"Y-rotation" time elapsed: 00:00:00
----------------------------------------------------------

10/12 Testing: Z-rotation
10/12 Test: Z-rotation
Command: "D:/UA/Semester7/ComputerGraphics/CppCode/RayTracingEngine/cmake-build-debug/Debug/RayTracingEngineTests.exe" "Z-rotation"
Directory: D:/UA/Semester7/ComputerGraphics/CppCode/RayTracingEngine/cmake-build-debug
"Z-rotation" start time: Oct 18 17:31 Romance Summer Time
Output:
----------------------------------------------------------
Filters: "Z-rotation"
Randomness seeded to: 2260299625
===============================================================================
All tests passed (1 assertion in 1 test case)

<end of output>
Test time =   0.01 sec
----------------------------------------------------------
Test Passed.
"Z-rotation" end time: Oct 18 17:31 Romance Summer Time
"Z-rotation" time elapsed: 00:00:00
----------------------------------------------------------

11/12 Testing: Z-rotation and inverse
11/12 Test: Z-rotation and inverse
Command: "D:/UA/Semester7/ComputerGraphics/CppCode/RayTracingEngine/cmake-build-debug/Debug/RayTracingEngineTests.exe" "Z-rotation and inverse"
Directory: D:/UA/Semester7/ComputerGraphics/CppCode/RayTracingEngine/cmake-build-debug
"Z-rotation and inverse" start time: Oct 18 17:31 Romance Summer Time
Output:
----------------------------------------------------------
Filters: "Z-rotation and inverse"
Randomness seeded to: 592512901
===============================================================================
All tests passed (1 assertion in 1 test case)

<end of output>
Test time =   0.01 sec
----------------------------------------------------------
Test Passed.
"Z-rotation and inverse" end time: Oct 18 17:31 Romance Summer Time
"Z-rotation and inverse" time elapsed: 00:00:00
----------------------------------------------------------

12/12 Testing: example book page 220
12/12 Test: example book page 220
Command: "D:/UA/Semester7/ComputerGraphics/CppCode/RayTracingEngine/cmake-build-debug/Debug/RayTracingEngineTests.exe" "example book page 220"
Directory: D:/UA/Semester7/ComputerGraphics/CppCode/RayTracingEngine/cmake-build-debug
"example book page 220" start time: Oct 18 17:31 Romance Summer Time
Output:
----------------------------------------------------------
Filters: "example book page 220"
Randomness seeded to: 3593335981
===============================================================================
All tests passed (1 assertion in 1 test case)

<end of output>
Test time =   0.01 sec
----------------------------------------------------------
Test Passed.
"example book page 220" end time: Oct 18 17:31 Romance Summer Time
"example book page 220" time elapsed: 00:00:00
----------------------------------------------------------

End testing: Oct 18 17:31 Romance Summer Time
